<?xml version="1.0" encoding="UTF-8"?>
<!-- Generated by org.testng.reporters.JUnitReportReporter -->
<testsuite skipped="0" hostname="user-PC" name="GitTest.GitTestApp.LoginPage" tests="1" failures="0" timestamp="12 Dec 2021 04:47:21 GMT" time="0.079" errors="0">
  <testcase name="tc_1" time="0.079" classname="GitTest.GitTestApp.LoginPage"/>
</testsuite> <!-- GitTest.GitTestApp.LoginPage -->
